Determining if the pthread_create exist failed with the following output:
Change Dir: /home/thudrone/catkin_sim/build/CMakeFiles/CMakeTmp

Run Build Command:"/usr/bin/make" "cmTC_33d31/fast"
/usr/bin/make -f CMakeFiles/cmTC_33d31.dir/build.make CMakeFiles/cmTC_33d31.dir/build
make[1]: 进入目录“/home/thudrone/catkin_sim/build/CMakeFiles/CMakeTmp”
Building C object CMakeFiles/cmTC_33d31.dir/CheckSymbolExists.c.o
/usr/bin/cc    -o CMakeFiles/cmTC_33d31.dir/CheckSymbolExists.c.o   -c /home/thudrone/catkin_sim/build/CMakeFiles/CMakeTmp/CheckSymbolExists.c
Linking C executable cmTC_33d31
/usr/bin/cmake -E cmake_link_script CMakeFiles/cmTC_33d31.dir/link.txt --verbose=1
/usr/bin/cc      -rdynamic CMakeFiles/cmTC_33d31.dir/CheckSymbolExists.c.o  -o cmTC_33d31 
CMakeFiles/cmTC_33d31.dir/CheckSymbolExists.c.o：在函数‘main’中：
CheckSymbolExists.c:(.text+0x1b)：对‘pthread_create’未定义的引用
collect2: error: ld returned 1 exit status
CMakeFiles/cmTC_33d31.dir/build.make:97: recipe for target 'cmTC_33d31' failed
make[1]: *** [cmTC_33d31] Error 1
make[1]: 离开目录“/home/thudrone/catkin_sim/build/CMakeFiles/CMakeTmp”
Makefile:126: recipe for target 'cmTC_33d31/fast' failed
make: *** [cmTC_33d31/fast] Error 2

File /home/thudrone/catkin_sim/build/CMakeFiles/CMakeTmp/CheckSymbolExists.c:
/* */
#include <pthread.h>

int main(int argc, char** argv)
{
  (void)argv;
#ifndef pthread_create
  return ((int*)(&pthread_create))[argc];
#else
  (void)argc;
  return 0;
#endif
}

Determining if the function pthread_create exists in the pthreads failed with the following output:
Change Dir: /home/thudrone/catkin_sim/build/CMakeFiles/CMakeTmp

Run Build Command:"/usr/bin/make" "cmTC_25825/fast"
/usr/bin/make -f CMakeFiles/cmTC_25825.dir/build.make CMakeFiles/cmTC_25825.dir/build
make[1]: 进入目录“/home/thudrone/catkin_sim/build/CMakeFiles/CMakeTmp”
Building C object CMakeFiles/cmTC_25825.dir/CheckFunctionExists.c.o
/usr/bin/cc   -DCHECK_FUNCTION_EXISTS=pthread_create   -o CMakeFiles/cmTC_25825.dir/CheckFunctionExists.c.o   -c /usr/share/cmake-3.10/Modules/CheckFunctionExists.c
Linking C executable cmTC_25825
/usr/bin/cmake -E cmake_link_script CMakeFiles/cmTC_25825.dir/link.txt --verbose=1
/usr/bin/cc  -DCHECK_FUNCTION_EXISTS=pthread_create    -rdynamic CMakeFiles/cmTC_25825.dir/CheckFunctionExists.c.o  -o cmTC_25825 -lpthreads 
/usr/bin/ld: 找不到 -lpthreads
collect2: error: ld returned 1 exit status
CMakeFiles/cmTC_25825.dir/build.make:97: recipe for target 'cmTC_25825' failed
make[1]: *** [cmTC_25825] Error 1
make[1]: 离开目录“/home/thudrone/catkin_sim/build/CMakeFiles/CMakeTmp”
Makefile:126: recipe for target 'cmTC_25825/fast' failed
make: *** [cmTC_25825/fast] Error 2


